Submodule 'ceph-erasure-code-corpus' (https://github.com/ceph/ceph-erasure-code-corpus.git) registered for path 'ceph-erasure-code-corpus'
Submodule 'ceph-object-corpus' (https://github.com/ceph/ceph-object-corpus.git) registered for path 'ceph-object-corpus'
Submodule 'src/blkin' (https://github.com/ceph/blkin) registered for path 'src/blkin'
Submodule 'src/civetweb' (https://github.com/ceph/civetweb) registered for path 'src/civetweb'
Submodule 'src/crypto/isa-l/isa-l_crypto' (https://github.com/01org/isa-l_crypto) registered for path 'src/crypto/isa-l/isa-l_crypto'
Submodule 'src/dpdk' (https://github.com/ceph/dpdk) registered for path 'src/dpdk'
Submodule 'src/erasure-code/jerasure/gf-complete' (https://github.com/ceph/gf-complete.git) registered for path 'src/erasure-code/jerasure/gf-complete'
Submodule 'src/erasure-code/jerasure/jerasure' (https://github.com/ceph/jerasure.git) registered for path 'src/erasure-code/jerasure/jerasure'
Submodule 'src/googletest' (https://github.com/ceph/googletest) registered for path 'src/googletest'
Submodule 'src/isa-l' (https://github.com/ceph/isa-l) registered for path 'src/isa-l'
Submodule 'src/lua' (https://github.com/ceph/lua.git) registered for path 'src/lua'
Submodule 'src/rapidjson' (https://github.com/ceph/rapidjson) registered for path 'src/rapidjson'
Submodule 'src/rocksdb' (https://github.com/ceph/rocksdb) registered for path 'src/rocksdb'
Submodule 'src/spdk' (https://github.com/ceph/spdk.git) registered for path 'src/spdk'
Submodule 'src/xxHash' (https://github.com/ceph/xxHash.git) registered for path 'src/xxHash'
Submodule 'src/zstd' (https://github.com/facebook/zstd) registered for path 'src/zstd'
Cloning into '/mnt/sda4/skyhookdm-ceph/ceph-erasure-code-corpus'...
Cloning into '/mnt/sda4/skyhookdm-ceph/ceph-object-corpus'...
Cloning into '/mnt/sda4/skyhookdm-ceph/src/blkin'...
Cloning into '/mnt/sda4/skyhookdm-ceph/src/civetweb'...
Cloning into '/mnt/sda4/skyhookdm-ceph/src/crypto/isa-l/isa-l_crypto'...
Cloning into '/mnt/sda4/skyhookdm-ceph/src/dpdk'...
Cloning into '/mnt/sda4/skyhookdm-ceph/src/erasure-code/jerasure/gf-complete'...
Cloning into '/mnt/sda4/skyhookdm-ceph/src/erasure-code/jerasure/jerasure'...
Cloning into '/mnt/sda4/skyhookdm-ceph/src/googletest'...
Cloning into '/mnt/sda4/skyhookdm-ceph/src/isa-l'...
Cloning into '/mnt/sda4/skyhookdm-ceph/src/lua'...
Cloning into '/mnt/sda4/skyhookdm-ceph/src/rapidjson'...
Cloning into '/mnt/sda4/skyhookdm-ceph/src/rocksdb'...
Cloning into '/mnt/sda4/skyhookdm-ceph/src/spdk'...
Cloning into '/mnt/sda4/skyhookdm-ceph/src/xxHash'...
Cloning into '/mnt/sda4/skyhookdm-ceph/src/zstd'...
Submodule path 'ceph-erasure-code-corpus': checked out '2d7d78b9cc52e8a9529d8cc2d2954c7d375d5dd7'
Submodule path 'ceph-object-corpus': checked out 'f0ba19f9d8792d308b3d2f746cff85436f87c4ae'
Submodule path 'src/blkin': checked out 'f24ceec055ea236a093988237a9821d145f5f7c8'
Submodule path 'src/civetweb': checked out 'bdaa39a1ebb01ae38edee9e97a3d46972cb68ac9'
Submodule path 'src/crypto/isa-l/isa-l_crypto': checked out '603529a4e06ac8a1662c13d6b31f122e21830352'
Submodule path 'src/dpdk': checked out 'd3bfeaaabfd37ecc7d7d2edf2a3b60cc2d913cc9'
Submodule path 'src/erasure-code/jerasure/gf-complete': checked out '7e61b44404f0ed410c83cfd3947a52e88ae044e1'
Submodule path 'src/erasure-code/jerasure/jerasure': checked out '96c76b89d661c163f65a014b8042c9354ccf7f31'
Submodule path 'src/googletest': checked out 'fdb850479284e2aae047b87df6beae84236d0135'
Submodule path 'src/isa-l': checked out '7e1a337433a340bc0974ed0f04301bdaca374af6'
Submodule path 'src/lua': checked out '1fce39c6397056db645718b8f5821571d97869a4'
Submodule path 'src/rapidjson': checked out 'f54b0e47a08782a6131cc3d60f94d038fa6e0a51'
Submodule 'thirdparty/gtest' (https://github.com/google/googletest.git) registered for path 'src/rapidjson/thirdparty/gtest'
Cloning into '/mnt/sda4/skyhookdm-ceph/src/rapidjson/thirdparty/gtest'...
Submodule path 'src/rapidjson/thirdparty/gtest': checked out '0a439623f75c029912728d80cb7f1b8b48739ca4'
Submodule path 'src/rocksdb': checked out 'b181f1714a4baecaf7dff4c8417b20f5e6a41585'
Submodule path 'src/spdk': checked out '5742e9b9e782b9666e10c9224389e4d015c3cdee'
Submodule path 'src/xxHash': checked out '1f40c6511fa8dd9d2e337ca8c9bc18b3e87663c9'
Submodule path 'src/zstd': checked out 'dc9931205a87fdf6b993b3e215139011d3ef9fee'
