./this <nosds> <nobjs>
START at Sat May 6 02:28:45 CDT 2017
begin function run_query with selectivity percent= 1
starting run1
clearing cache on osd0
1
clearing cache on osd1
1
clearing cache on osd2
1
clearing cache on osd3
1
clearing cache on osd4
1
clearing cache on osd5
1
clearing cache on osd6
1
clearing cache on osd7
1
select * from lineitem where l_extendedprice > 91400
draining ios: 96 remaining
draining ios: 66 remaining
draining ios: 45 remaining
draining ios: 23 remaining
total result row count: 10111403 / 1000000000
run-query --num-objs 10000 --pool tpc --wthreads 10 --qdepth 96 --quiet --extended-price 91400.0 --query b selectivity-pct=1 cache=cold start=1494055753.335672827 end=1494055981.690818254 run-1 0228.355145427
starting run2
clearing cache on osd0
1
clearing cache on osd1
1
clearing cache on osd2
1
clearing cache on osd3
1
clearing cache on osd4
1
clearing cache on osd5
1
clearing cache on osd6
1
clearing cache on osd7
1
select * from lineitem where l_extendedprice > 91400
draining ios: 96 remaining
draining ios: 69 remaining
draining ios: 47 remaining
draining ios: 24 remaining
draining ios: 1 remaining
total result row count: 10111403 / 1000000000
run-query --num-objs 10000 --pool tpc --wthreads 10 --qdepth 96 --quiet --extended-price 91400.0 --query b selectivity-pct=1 cache=cold start=1494056013.065665003 end=1494056226.854501997 run-2 0213.788836994
starting run3
clearing cache on osd0
1
clearing cache on osd1
1
clearing cache on osd2
1
clearing cache on osd3
1
clearing cache on osd4
1
clearing cache on osd5
1
clearing cache on osd6
1
clearing cache on osd7
1
select * from lineitem where l_extendedprice > 91400
draining ios: 96 remaining
draining ios: 67 remaining
draining ios: 44 remaining
draining ios: 20 remaining
total result row count: 10111403 / 1000000000
run-query --num-objs 10000 --pool tpc --wthreads 10 --qdepth 96 --quiet --extended-price 91400.0 --query b selectivity-pct=1 cache=cold start=1494056258.440671287 end=1494056467.973513023 run-3 0209.532841736
starting run4
select * from lineitem where l_extendedprice > 91400
draining ios: 96 remaining
draining ios: 67 remaining
draining ios: 44 remaining
draining ios: 22 remaining
draining ios: 2 remaining
total result row count: 10111403 / 1000000000
run-query --num-objs 10000 --pool tpc --wthreads 10 --qdepth 96 --quiet --extended-price 91400.0 --query b selectivity-pct=1 cache=hot start=1494056477.978688239 end=1494056689.488528051 run-4 0211.509839812
starting run5
select * from lineitem where l_extendedprice > 91400
draining ios: 96 remaining
draining ios: 68 remaining
draining ios: 43 remaining
draining ios: 21 remaining
total result row count: 10111403 / 1000000000
run-query --num-objs 10000 --pool tpc --wthreads 10 --qdepth 96 --quiet --extended-price 91400.0 --query b selectivity-pct=1 cache=hot start=1494056699.493847879 end=1494056920.889127496 run-5 0221.395279617
starting run6
select * from lineitem where l_extendedprice > 91400
draining ios: 96 remaining
draining ios: 58 remaining
draining ios: 18 remaining
total result row count: 10111403 / 1000000000
run-query --num-objs 10000 --pool tpc --wthreads 10 --qdepth 96 --quiet --extended-price 91400.0 --query b selectivity-pct=1 cache=hot start=1494056930.894021700 end=1494057133.647608250 run-6 0202.753586550
begin function run_query with selectivity percent= 1
starting run1
clearing cache on osd0
1
clearing cache on osd1
1
clearing cache on osd2
1
clearing cache on osd3
1
clearing cache on osd4
1
clearing cache on osd5
1
clearing cache on osd6
1
clearing cache on osd7
1
select * from lineitem where l_extendedprice > 91400
draining ios: 96 remaining
draining ios: 24 remaining
total result row count: 10111403 / 10111403
run-query --num-objs 10000 --pool tpc --wthreads 10 --qdepth 96 --quiet --extended-price 91400.0 --query b --use-cls selectivity-pct=1 cache=cold start=1494057165.766356289 end=1494057211.425646796 run-1 045.659290507
starting run2
clearing cache on osd0
1
clearing cache on osd1
1
clearing cache on osd2
1
clearing cache on osd3
1
clearing cache on osd4
1
clearing cache on osd5
1
clearing cache on osd6
1
clearing cache on osd7
1
select * from lineitem where l_extendedprice > 91400
draining ios: 96 remaining
draining ios: 24 remaining
total result row count: 10111403 / 10111403
run-query --num-objs 10000 --pool tpc --wthreads 10 --qdepth 96 --quiet --extended-price 91400.0 --query b --use-cls selectivity-pct=1 cache=cold start=1494057243.287845300 end=1494057288.953696584 run-2 045.665851284
starting run3
clearing cache on osd0
1
clearing cache on osd1
1
clearing cache on osd2
1
clearing cache on osd3
1
clearing cache on osd4
1
clearing cache on osd5
1
clearing cache on osd6
1
clearing cache on osd7
1
select * from lineitem where l_extendedprice > 91400
draining ios: 96 remaining
draining ios: 24 remaining
total result row count: 10111403 / 10111403
run-query --num-objs 10000 --pool tpc --wthreads 10 --qdepth 96 --quiet --extended-price 91400.0 --query b --use-cls selectivity-pct=1 cache=cold start=1494057320.479360832 end=1494057366.154846972 run-3 045.675486140
starting run4
select * from lineitem where l_extendedprice > 91400
draining ios: 96 remaining
total result row count: 10111403 / 10111403
run-query --num-objs 10000 --pool tpc --wthreads 10 --qdepth 96 --quiet --extended-price 91400.0 --query b --use-cls selectivity-pct=1 cache=hot start=1494057376.160310050 end=1494057381.612715171 run-4 05.452405121
starting run5
select * from lineitem where l_extendedprice > 91400
draining ios: 96 remaining
total result row count: 10111403 / 10111403
run-query --num-objs 10000 --pool tpc --wthreads 10 --qdepth 96 --quiet --extended-price 91400.0 --query b --use-cls selectivity-pct=1 cache=hot start=1494057391.618250401 end=1494057397.047898275 run-5 05.429647874
starting run6
select * from lineitem where l_extendedprice > 91400
draining ios: 96 remaining
total result row count: 10111403 / 10111403
run-query --num-objs 10000 --pool tpc --wthreads 10 --qdepth 96 --quiet --extended-price 91400.0 --query b --use-cls selectivity-pct=1 cache=hot start=1494057407.053488464 end=1494057412.596448087 run-6 05.542959623
begin function run_query with selectivity percent= 10
starting run1
clearing cache on osd0
1
clearing cache on osd1
1
clearing cache on osd2
1
clearing cache on osd3
1
clearing cache on osd4
1
clearing cache on osd5
1
clearing cache on osd6
1
clearing cache on osd7
1
select * from lineitem where l_extendedprice > 71000
draining ios: 96 remaining
draining ios: 64 remaining
draining ios: 41 remaining
draining ios: 17 remaining
total result row count: 99950829 / 1000000000
run-query --num-objs 10000 --pool tpc --wthreads 10 --qdepth 96 --quiet --extended-price 71000.0 --query b selectivity-pct=10 cache=cold start=1494057444.400366538 end=1494057894.720649799 run-1 0450.320283261
starting run2
clearing cache on osd0
1
clearing cache on osd1
1
clearing cache on osd2
1
clearing cache on osd3
1
clearing cache on osd4
1
clearing cache on osd5
1
clearing cache on osd6
1
clearing cache on osd7
1
select * from lineitem where l_extendedprice > 71000
draining ios: 96 remaining
draining ios: 68 remaining
draining ios: 42 remaining
draining ios: 15 remaining
total result row count: 99950829 / 1000000000
run-query --num-objs 10000 --pool tpc --wthreads 10 --qdepth 96 --quiet --extended-price 71000.0 --query b selectivity-pct=10 cache=cold start=1494057926.397276610 end=1494058144.588254143 run-2 0218.190977533
starting run3
clearing cache on osd0
1
clearing cache on osd1
1
clearing cache on osd2
1
clearing cache on osd3
1
clearing cache on osd4
1
clearing cache on osd5
1
clearing cache on osd6
1
clearing cache on osd7
1
select * from lineitem where l_extendedprice > 71000
draining ios: 96 remaining
draining ios: 69 remaining
draining ios: 50 remaining
draining ios: 30 remaining
draining ios: 7 remaining
total result row count: 99950829 / 1000000000
run-query --num-objs 10000 --pool tpc --wthreads 10 --qdepth 96 --quiet --extended-price 71000.0 --query b selectivity-pct=10 cache=cold start=1494058175.712368108 end=1494058625.576353563 run-3 0449.863985455
starting run4
select * from lineitem where l_extendedprice > 71000
draining ios: 96 remaining
draining ios: 70 remaining
draining ios: 48 remaining
draining ios: 29 remaining
draining ios: 8 remaining
total result row count: 99950829 / 1000000000
run-query --num-objs 10000 --pool tpc --wthreads 10 --qdepth 96 --quiet --extended-price 71000.0 --query b selectivity-pct=10 cache=hot start=1494058635.581580186 end=1494058841.718155837 run-4 0206.136575651
starting run5
select * from lineitem where l_extendedprice > 71000
draining ios: 96 remaining
draining ios: 73 remaining
draining ios: 56 remaining
draining ios: 41 remaining
draining ios: 25 remaining
draining ios: 11 remaining
total result row count: 99950829 / 1000000000
run-query --num-objs 10000 --pool tpc --wthreads 10 --qdepth 96 --quiet --extended-price 71000.0 --query b selectivity-pct=10 cache=hot start=1494058851.723605237 end=1494059120.274518740 run-5 0268.550913503
starting run6
select * from lineitem where l_extendedprice > 71000
draining ios: 96 remaining
draining ios: 87 remaining
draining ios: 76 remaining
draining ios: 69 remaining
draining ios: 63 remaining
draining ios: 59 remaining
draining ios: 55 remaining
draining ios: 52 remaining
draining ios: 48 remaining
draining ios: 45 remaining
draining ios: 41 remaining
draining ios: 38 remaining
draining ios: 35 remaining
draining ios: 31 remaining
draining ios: 28 remaining
draining ios: 24 remaining
draining ios: 21 remaining
draining ios: 18 remaining
draining ios: 15 remaining
draining ios: 11 remaining
draining ios: 8 remaining
draining ios: 5 remaining
draining ios: 1 remaining
total result row count: 99950829 / 1000000000
run-query --num-objs 10000 --pool tpc --wthreads 10 --qdepth 96 --quiet --extended-price 71000.0 --query b selectivity-pct=10 cache=hot start=1494059130.280459659 end=1494059468.957043293 run-6 0338.676583634
begin function run_query with selectivity percent= 10
starting run1
clearing cache on osd0
1
clearing cache on osd1
1
clearing cache on osd2
1
clearing cache on osd3
1
clearing cache on osd4
1
clearing cache on osd5
1
clearing cache on osd6
1
clearing cache on osd7
1
select * from lineitem where l_extendedprice > 71000
draining ios: 96 remaining
draining ios: 24 remaining
total result row count: 99950829 / 99950829
run-query --num-objs 10000 --pool tpc --wthreads 10 --qdepth 96 --quiet --extended-price 71000.0 --query b --use-cls selectivity-pct=10 cache=cold start=1494059501.089787385 end=1494059546.819602081 run-1 045.729814696
starting run2
clearing cache on osd0
1
clearing cache on osd1
1
clearing cache on osd2
1
clearing cache on osd3
1
clearing cache on osd4
1
clearing cache on osd5
1
clearing cache on osd6
1
clearing cache on osd7
1
select * from lineitem where l_extendedprice > 71000
draining ios: 96 remaining
draining ios: 24 remaining
total result row count: 99950829 / 99950829
run-query --num-objs 10000 --pool tpc --wthreads 10 --qdepth 96 --quiet --extended-price 71000.0 --query b --use-cls selectivity-pct=10 cache=cold start=1494059578.746489023 end=1494059624.463691491 run-2 045.717202468
starting run3
clearing cache on osd0
1
clearing cache on osd1
1
clearing cache on osd2
1
clearing cache on osd3
1
clearing cache on osd4
1
clearing cache on osd5
1
clearing cache on osd6
1
clearing cache on osd7
1
select * from lineitem where l_extendedprice > 71000
draining ios: 96 remaining
draining ios: 24 remaining
total result row count: 99950829 / 99950829
run-query --num-objs 10000 --pool tpc --wthreads 10 --qdepth 96 --quiet --extended-price 71000.0 --query b --use-cls selectivity-pct=10 cache=cold start=1494059656.055545987 end=1494059701.803900655 run-3 045.748354668
starting run4
select * from lineitem where l_extendedprice > 71000
draining ios: 96 remaining
total result row count: 99950829 / 99950829
run-query --num-objs 10000 --pool tpc --wthreads 10 --qdepth 96 --quiet --extended-price 71000.0 --query b --use-cls selectivity-pct=10 cache=hot start=1494059711.809893709 end=1494059724.755561140 run-4 012.945667431
starting run5
select * from lineitem where l_extendedprice > 71000
draining ios: 96 remaining
total result row count: 99950829 / 99950829
run-query --num-objs 10000 --pool tpc --wthreads 10 --qdepth 96 --quiet --extended-price 71000.0 --query b --use-cls selectivity-pct=10 cache=hot start=1494059734.760676157 end=1494059747.704072977 run-5 012.943396820
starting run6
select * from lineitem where l_extendedprice > 71000
draining ios: 96 remaining
total result row count: 99950829 / 99950829
run-query --num-objs 10000 --pool tpc --wthreads 10 --qdepth 96 --quiet --extended-price 71000.0 --query b --use-cls selectivity-pct=10 cache=hot start=1494059757.709734118 end=1494059770.652389799 run-6 012.942655681
begin function run_query with selectivity percent= 100
starting run1
clearing cache on osd0
1
clearing cache on osd1
1
clearing cache on osd2
1
clearing cache on osd3
1
clearing cache on osd4
1
clearing cache on osd5
1
clearing cache on osd6
1
clearing cache on osd7
1
select * from lineitem where l_extendedprice > 1
draining ios: 96 remaining
draining ios: 69 remaining
draining ios: 43 remaining
draining ios: 18 remaining
total result row count: 1000000000 / 1000000000
run-query --num-objs 10000 --pool tpc --wthreads 10 --qdepth 96 --quiet --extended-price 1.0 --query b selectivity-pct=100 cache=cold start=1494059801.870585173 end=1494060020.581771198 run-1 0218.711186025
starting run2
clearing cache on osd0
1
clearing cache on osd1
1
clearing cache on osd2
1
clearing cache on osd3
1
clearing cache on osd4
1
clearing cache on osd5
1
clearing cache on osd6
1
clearing cache on osd7
1
select * from lineitem where l_extendedprice > 1
draining ios: 96 remaining
draining ios: 66 remaining
draining ios: 40 remaining
draining ios: 17 remaining
total result row count: 1000000000 / 1000000000
run-query --num-objs 10000 --pool tpc --wthreads 10 --qdepth 96 --quiet --extended-price 1.0 --query b selectivity-pct=100 cache=cold start=1494060051.598670769 end=1494060256.903982766 run-2 0205.305311997
starting run3
clearing cache on osd0
1
clearing cache on osd1
1
clearing cache on osd2
1
clearing cache on osd3
1
clearing cache on osd4
1
clearing cache on osd5
1
clearing cache on osd6
1
clearing cache on osd7
1
select * from lineitem where l_extendedprice > 1
draining ios: 96 remaining
draining ios: 67 remaining
draining ios: 45 remaining
draining ios: 23 remaining
draining ios: 1 remaining
total result row count: 1000000000 / 1000000000
run-query --num-objs 10000 --pool tpc --wthreads 10 --qdepth 96 --quiet --extended-price 1.0 --query b selectivity-pct=100 cache=cold start=1494060288.195520099 end=1494060527.023473616 run-3 0238.827953517
starting run4
select * from lineitem where l_extendedprice > 1
draining ios: 96 remaining
draining ios: 71 remaining
draining ios: 48 remaining
draining ios: 24 remaining
draining ios: 2 remaining
total result row count: 1000000000 / 1000000000
run-query --num-objs 10000 --pool tpc --wthreads 10 --qdepth 96 --quiet --extended-price 1.0 --query b selectivity-pct=100 cache=hot start=1494060537.028907375 end=1494060744.398964003 run-4 0207.370056628
starting run5
select * from lineitem where l_extendedprice > 1
draining ios: 96 remaining
draining ios: 87 remaining
draining ios: 83 remaining
draining ios: 79 remaining
draining ios: 76 remaining
draining ios: 70 remaining
draining ios: 66 remaining
draining ios: 62 remaining
draining ios: 59 remaining
draining ios: 56 remaining
draining ios: 53 remaining
draining ios: 49 remaining
draining ios: 46 remaining
draining ios: 43 remaining
draining ios: 39 remaining
draining ios: 36 remaining
draining ios: 33 remaining
draining ios: 29 remaining
draining ios: 23 remaining
draining ios: 19 remaining
draining ios: 16 remaining
draining ios: 13 remaining
draining ios: 10 remaining
draining ios: 6 remaining
draining ios: 3 remaining
total result row count: 1000000000 / 1000000000
run-query --num-objs 10000 --pool tpc --wthreads 10 --qdepth 96 --quiet --extended-price 1.0 --query b selectivity-pct=100 cache=hot start=1494060754.404616699 end=1494061122.133936899 run-5 0367.729320200
starting run6
select * from lineitem where l_extendedprice > 1
draining ios: 96 remaining
draining ios: 74 remaining
draining ios: 60 remaining
draining ios: 55 remaining
draining ios: 51 remaining
draining ios: 48 remaining
draining ios: 44 remaining
draining ios: 39 remaining
draining ios: 34 remaining
draining ios: 27 remaining
draining ios: 23 remaining
draining ios: 20 remaining
draining ios: 16 remaining
draining ios: 12 remaining
draining ios: 8 remaining
draining ios: 5 remaining
draining ios: 1 remaining
total result row count: 1000000000 / 1000000000
run-query --num-objs 10000 --pool tpc --wthreads 10 --qdepth 96 --quiet --extended-price 1.0 --query b selectivity-pct=100 cache=hot start=1494061132.139628059 end=1494061374.556904883 run-6 0242.417276824
begin function run_query with selectivity percent= 100
starting run1
clearing cache on osd0
1
clearing cache on osd1
1
clearing cache on osd2
1
clearing cache on osd3
1
clearing cache on osd4
1
clearing cache on osd5
1
clearing cache on osd6
1
clearing cache on osd7
1
select * from lineitem where l_extendedprice > 1
draining ios: 96 remaining
draining ios: 74 remaining
draining ios: 70 remaining
draining ios: 65 remaining
draining ios: 61 remaining
draining ios: 57 remaining
draining ios: 54 remaining
draining ios: 51 remaining
draining ios: 47 remaining
draining ios: 44 remaining
draining ios: 41 remaining
draining ios: 37 remaining
draining ios: 34 remaining
draining ios: 31 remaining
draining ios: 27 remaining
draining ios: 24 remaining
draining ios: 20 remaining
draining ios: 17 remaining
draining ios: 13 remaining
draining ios: 10 remaining
draining ios: 7 remaining
draining ios: 2 remaining
total result row count: 1000000000 / 1000000000
run-query --num-objs 10000 --pool tpc --wthreads 10 --qdepth 96 --quiet --extended-price 1.0 --query b --use-cls selectivity-pct=100 cache=cold start=1494061406.297425180 end=1494061794.250271470 run-1 0387.952846290
starting run2
clearing cache on osd0
1
clearing cache on osd1
1
clearing cache on osd2
1
clearing cache on osd3
1
clearing cache on osd4
1
clearing cache on osd5
1
clearing cache on osd6
1
clearing cache on osd7
1
select * from lineitem where l_extendedprice > 1
draining ios: 96 remaining
draining ios: 83 remaining
draining ios: 77 remaining
draining ios: 71 remaining
draining ios: 65 remaining
draining ios: 58 remaining
draining ios: 54 remaining
draining ios: 51 remaining
draining ios: 47 remaining
draining ios: 44 remaining
draining ios: 40 remaining
draining ios: 37 remaining
draining ios: 32 remaining
draining ios: 29 remaining
draining ios: 24 remaining
draining ios: 20 remaining
draining ios: 16 remaining
draining ios: 11 remaining
draining ios: 7 remaining
draining ios: 4 remaining
total result row count: 1000000000 / 1000000000
run-query --num-objs 10000 --pool tpc --wthreads 10 --qdepth 96 --quiet --extended-price 1.0 --query b --use-cls selectivity-pct=100 cache=cold start=1494061825.987600543 end=1494062417.742168762 run-2 0591.754568219
starting run3
clearing cache on osd0
1
clearing cache on osd1
1
clearing cache on osd2
1
clearing cache on osd3
1
clearing cache on osd4
1
clearing cache on osd5
1
clearing cache on osd6
1
clearing cache on osd7
1
select * from lineitem where l_extendedprice > 1
draining ios: 96 remaining
draining ios: 65 remaining
draining ios: 40 remaining
draining ios: 15 remaining
total result row count: 1000000000 / 1000000000
run-query --num-objs 10000 --pool tpc --wthreads 10 --qdepth 96 --quiet --extended-price 1.0 --query b --use-cls selectivity-pct=100 cache=cold start=1494062449.349890274 end=1494062876.503096133 run-3 0427.153205859
starting run4
select * from lineitem where l_extendedprice > 1
draining ios: 96 remaining
draining ios: 68 remaining
draining ios: 42 remaining
draining ios: 19 remaining
total result row count: 1000000000 / 1000000000
run-query --num-objs 10000 --pool tpc --wthreads 10 --qdepth 96 --quiet --extended-price 1.0 --query b --use-cls selectivity-pct=100 cache=hot start=1494062886.508717293 end=1494063092.685667171 run-4 0206.176949878
starting run5
select * from lineitem where l_extendedprice > 1
draining ios: 96 remaining
draining ios: 79 remaining
draining ios: 76 remaining
draining ios: 73 remaining
draining ios: 69 remaining
draining ios: 66 remaining
draining ios: 60 remaining
draining ios: 56 remaining
draining ios: 52 remaining
draining ios: 49 remaining
draining ios: 45 remaining
draining ios: 42 remaining
draining ios: 38 remaining
draining ios: 34 remaining
draining ios: 30 remaining
draining ios: 26 remaining
draining ios: 23 remaining
draining ios: 19 remaining
draining ios: 15 remaining
draining ios: 7 remaining
draining ios: 3 remaining
total result row count: 1000000000 / 1000000000
run-query --num-objs 10000 --pool tpc --wthreads 10 --qdepth 96 --quiet --extended-price 1.0 --query b --use-cls selectivity-pct=100 cache=hot start=1494063102.690798999 end=1494063508.090384455 run-5 0405.399585456
starting run6
select * from lineitem where l_extendedprice > 1
draining ios: 96 remaining
draining ios: 85 remaining
draining ios: 77 remaining
draining ios: 70 remaining
draining ios: 48 remaining
draining ios: 43 remaining
draining ios: 41 remaining
draining ios: 38 remaining
draining ios: 34 remaining
draining ios: 30 remaining
draining ios: 27 remaining
draining ios: 23 remaining
draining ios: 19 remaining
draining ios: 15 remaining
draining ios: 11 remaining
draining ios: 8 remaining
draining ios: 5 remaining
total result row count: 1000000000 / 1000000000
run-query --num-objs 10000 --pool tpc --wthreads 10 --qdepth 96 --quiet --extended-price 1.0 --query b --use-cls selectivity-pct=100 cache=hot start=1494063518.096201565 end=1494063927.611146691 run-6 0409.514945126
begin function run_query with selectivity percent= unique
starting run1
clearing cache on osd0
1
clearing cache on osd1
1
clearing cache on osd2
1
clearing cache on osd3
1
clearing cache on osd4
1
clearing cache on osd5
1
clearing cache on osd6
1
clearing cache on osd7
1
select * from from lineitem where l_orderkey = 5 and l_linenumber = 3
draining ios: 96 remaining
draining ios: 82 remaining
draining ios: 67 remaining
draining ios: 61 remaining
draining ios: 55 remaining
draining ios: 51 remaining
draining ios: 47 remaining
draining ios: 44 remaining
draining ios: 40 remaining
draining ios: 36 remaining
draining ios: 33 remaining
draining ios: 26 remaining
draining ios: 21 remaining
draining ios: 18 remaining
draining ios: 14 remaining
draining ios: 10 remaining
draining ios: 7 remaining
draining ios: 3 remaining
total result row count: 1 / 1000000000
run-query --num-objs 10000 --pool tpc --wthreads 10 --qdepth 96 --quiet --query d --order-key 5 --line-number 3 selectivity-pct=unique cache=cold start=1494063959.436523731 end=1494064579.657993076 run-1 0620.221469345
starting run2
clearing cache on osd0
1
clearing cache on osd1
1
clearing cache on osd2
1
clearing cache on osd3
1
clearing cache on osd4
1
clearing cache on osd5
1
clearing cache on osd6
1
clearing cache on osd7
1
select * from from lineitem where l_orderkey = 5 and l_linenumber = 3
draining ios: 96 remaining
draining ios: 74 remaining
draining ios: 69 remaining
draining ios: 65 remaining
draining ios: 62 remaining
draining ios: 58 remaining
draining ios: 53 remaining
draining ios: 48 remaining
draining ios: 45 remaining
draining ios: 40 remaining
draining ios: 37 remaining
draining ios: 32 remaining
draining ios: 27 remaining
draining ios: 23 remaining
draining ios: 18 remaining
draining ios: 14 remaining
draining ios: 10 remaining
draining ios: 6 remaining
draining ios: 2 remaining
total result row count: 1 / 1000000000
run-query --num-objs 10000 --pool tpc --wthreads 10 --qdepth 96 --quiet --query d --order-key 5 --line-number 3 selectivity-pct=unique cache=cold start=1494064611.430727717 end=1494065232.727673250 run-2 0621.296945533
starting run3
clearing cache on osd0
1
clearing cache on osd1
1
clearing cache on osd2
1
clearing cache on osd3
1
clearing cache on osd4
1
clearing cache on osd5
1
clearing cache on osd6
1
clearing cache on osd7
1
select * from from lineitem where l_orderkey = 5 and l_linenumber = 3
draining ios: 96 remaining
draining ios: 66 remaining
draining ios: 42 remaining
draining ios: 21 remaining
total result row count: 1 / 1000000000
run-query --num-objs 10000 --pool tpc --wthreads 10 --qdepth 96 --quiet --query d --order-key 5 --line-number 3 selectivity-pct=unique cache=cold start=1494065263.923654849 end=1494065516.784413341 run-3 0252.860758492
starting run4
select * from from lineitem where l_orderkey = 5 and l_linenumber = 3
draining ios: 96 remaining
draining ios: 65 remaining
draining ios: 37 remaining
draining ios: 11 remaining
total result row count: 1 / 1000000000
run-query --num-objs 10000 --pool tpc --wthreads 10 --qdepth 96 --quiet --query d --order-key 5 --line-number 3 selectivity-pct=unique cache=hot start=1494065526.789905754 end=1494065735.627506600 run-4 0208.837600846
starting run5
select * from from lineitem where l_orderkey = 5 and l_linenumber = 3
draining ios: 96 remaining
draining ios: 65 remaining
draining ios: 42 remaining
draining ios: 20 remaining
total result row count: 1 / 1000000000
run-query --num-objs 10000 --pool tpc --wthreads 10 --qdepth 96 --quiet --query d --order-key 5 --line-number 3 selectivity-pct=unique cache=hot start=1494065745.633302445 end=1494065951.960531679 run-5 0206.327229234
starting run6
select * from from lineitem where l_orderkey = 5 and l_linenumber = 3
draining ios: 96 remaining
draining ios: 67 remaining
draining ios: 44 remaining
draining ios: 21 remaining
total result row count: 1 / 1000000000
run-query --num-objs 10000 --pool tpc --wthreads 10 --qdepth 96 --quiet --query d --order-key 5 --line-number 3 selectivity-pct=unique cache=hot start=1494065961.965549986 end=1494066170.081740074 run-6 0208.116190088
begin function run_query with selectivity percent= unique
starting run1
clearing cache on osd0
1
clearing cache on osd1
1
clearing cache on osd2
1
clearing cache on osd3
1
clearing cache on osd4
1
clearing cache on osd5
1
clearing cache on osd6
1
clearing cache on osd7
1
select * from from lineitem where l_orderkey = 5 and l_linenumber = 3
draining ios: 96 remaining
draining ios: 24 remaining
total result row count: 1 / 1
run-query --num-objs 10000 --pool tpc --wthreads 10 --qdepth 96 --quiet --query d --order-key 5 --line-number 3 --use-cls selectivity-pct=unique cache=cold start=1494066201.969127506 end=1494066247.596831445 run-1 045.627703939
starting run2
clearing cache on osd0
1
clearing cache on osd1
1
clearing cache on osd2
1
clearing cache on osd3
1
clearing cache on osd4
1
clearing cache on osd5
1
clearing cache on osd6
1
clearing cache on osd7
1
select * from from lineitem where l_orderkey = 5 and l_linenumber = 3
draining ios: 96 remaining
draining ios: 24 remaining
total result row count: 1 / 1
run-query --num-objs 10000 --pool tpc --wthreads 10 --qdepth 96 --quiet --query d --order-key 5 --line-number 3 --use-cls selectivity-pct=unique cache=cold start=1494066279.403867732 end=1494066325.053962624 run-2 045.650094892
starting run3
clearing cache on osd0
1
clearing cache on osd1
1
clearing cache on osd2
1
clearing cache on osd3
1
clearing cache on osd4
1
clearing cache on osd5
1
clearing cache on osd6
1
clearing cache on osd7
1
select * from from lineitem where l_orderkey = 5 and l_linenumber = 3
draining ios: 96 remaining
draining ios: 24 remaining
total result row count: 1 / 1
run-query --num-objs 10000 --pool tpc --wthreads 10 --qdepth 96 --quiet --query d --order-key 5 --line-number 3 --use-cls selectivity-pct=unique cache=cold start=1494066356.045623379 end=1494066401.689999409 run-3 045.644376030
starting run4
select * from from lineitem where l_orderkey = 5 and l_linenumber = 3
draining ios: 96 remaining
total result row count: 1 / 1
run-query --num-objs 10000 --pool tpc --wthreads 10 --qdepth 96 --quiet --query d --order-key 5 --line-number 3 --use-cls selectivity-pct=unique cache=hot start=1494066411.695477742 end=1494066416.355286261 run-4 04.659808519
starting run5
select * from from lineitem where l_orderkey = 5 and l_linenumber = 3
draining ios: 95 remaining
total result row count: 1 / 1
run-query --num-objs 10000 --pool tpc --wthreads 10 --qdepth 96 --quiet --query d --order-key 5 --line-number 3 --use-cls selectivity-pct=unique cache=hot start=1494066426.360942496 end=1494066430.865344266 run-5 04.504401770
starting run6
select * from from lineitem where l_orderkey = 5 and l_linenumber = 3
draining ios: 95 remaining
total result row count: 1 / 1
run-query --num-objs 10000 --pool tpc --wthreads 10 --qdepth 96 --quiet --query d --order-key 5 --line-number 3 --use-cls selectivity-pct=unique cache=hot start=1494066440.870934456 end=1494066445.425792487 run-6 04.554858031
begin function run_query with selectivity percent= unique
starting run1
clearing cache on osd0
1
clearing cache on osd1
1
clearing cache on osd2
1
clearing cache on osd3
1
clearing cache on osd4
1
clearing cache on osd5
1
clearing cache on osd6
1
clearing cache on osd7
1
select * from from lineitem where l_orderkey = 5 and l_linenumber = 3
draining ios: 96 remaining
total result row count: 1 / 1
run-query --num-objs 10000 --pool tpc --wthreads 10 --qdepth 96 --quiet --query d --order-key 5 --line-number 3 --use-cls --use-index selectivity-pct=unique cache=cold start=1494066476.637439573 end=1494066478.171475820 run-1 01.534036247
starting run2
clearing cache on osd0
1
clearing cache on osd1
1
clearing cache on osd2
1
clearing cache on osd3
1
clearing cache on osd4
1
clearing cache on osd5
1
clearing cache on osd6
1
clearing cache on osd7
1
select * from from lineitem where l_orderkey = 5 and l_linenumber = 3
draining ios: 32 remaining
total result row count: 1 / 1
run-query --num-objs 10000 --pool tpc --wthreads 10 --qdepth 96 --quiet --query d --order-key 5 --line-number 3 --use-cls --use-index selectivity-pct=unique cache=cold start=1494066500.786676795 end=1494066502.195375974 run-2 01.408699179
starting run3
clearing cache on osd0
1
clearing cache on osd1
1
clearing cache on osd2
1
clearing cache on osd3
1
clearing cache on osd4
1
clearing cache on osd5
1
clearing cache on osd6
1
clearing cache on osd7
1
select * from from lineitem where l_orderkey = 5 and l_linenumber = 3
draining ios: 70 remaining
total result row count: 1 / 1
run-query --num-objs 10000 --pool tpc --wthreads 10 --qdepth 96 --quiet --query d --order-key 5 --line-number 3 --use-cls --use-index selectivity-pct=unique cache=cold start=1494066524.493131487 end=1494066525.905188958 run-3 01.412057471
starting run4
select * from from lineitem where l_orderkey = 5 and l_linenumber = 3
draining ios: 36 remaining
total result row count: 1 / 1
run-query --num-objs 10000 --pool tpc --wthreads 10 --qdepth 96 --quiet --query d --order-key 5 --line-number 3 --use-cls --use-index selectivity-pct=unique cache=hot start=1494066535.910543846 end=1494066537.289745499 run-4 01.379201653
starting run5
select * from from lineitem where l_orderkey = 5 and l_linenumber = 3
draining ios: 50 remaining
total result row count: 1 / 1
run-query --num-objs 10000 --pool tpc --wthreads 10 --qdepth 96 --quiet --query d --order-key 5 --line-number 3 --use-cls --use-index selectivity-pct=unique cache=hot start=1494066547.294983323 end=1494066548.704982111 run-5 01.409998788
starting run6
select * from from lineitem where l_orderkey = 5 and l_linenumber = 3
draining ios: 19 remaining
total result row count: 1 / 1
run-query --num-objs 10000 --pool tpc --wthreads 10 --qdepth 96 --quiet --query d --order-key 5 --line-number 3 --use-cls --use-index selectivity-pct=unique cache=hot start=1494066558.710216238 end=1494066560.139040996 run-6 01.428824758
END at Sat May 6 05:29:30 CDT 2017
